\BOOKMARK [0][-]{chapter.1}{Einleitung}{}% 1
\BOOKMARK [1][-]{section.1.1}{Industriepartner2}{chapter.1}% 2
\BOOKMARK [1][-]{section.1.2}{Motivation}{chapter.1}% 3
\BOOKMARK [1][-]{section.1.3}{BeagleBone Black}{chapter.1}% 4
\BOOKMARK [1][-]{section.1.4}{Aufgabenstellung}{chapter.1}% 5
\BOOKMARK [0][-]{chapter.2}{Einleitung}{}% 6
\BOOKMARK [1][-]{section.2.1}{Vorwort}{chapter.2}% 7
\BOOKMARK [1][-]{section.2.2}{Klarstellung der Benennungen}{chapter.2}% 8
\BOOKMARK [1][-]{section.2.3}{EEROS}{chapter.2}% 9
\BOOKMARK [1][-]{section.2.4}{Aufgabenstellung}{chapter.2}% 10
\BOOKMARK [0][-]{chapter.3}{EEROS aktueller Stand}{}% 11
\BOOKMARK [1][-]{section.3.1}{EEROS generell}{chapter.3}% 12
\BOOKMARK [1][-]{section.3.2}{Aktuelle Implementierung des Sequenzers}{chapter.3}% 13
\BOOKMARK [1][-]{section.3.3}{Fallbeispiel Parallelscara}{chapter.3}% 14
\BOOKMARK [0][-]{chapter.4}{Anforderungen an den Sequencer}{}% 15
\BOOKMARK [1][-]{section.4.1}{seciton}{chapter.4}% 16
\BOOKMARK [0][-]{chapter.5}{Aufbau des Sequencers}{}% 17
\BOOKMARK [1][-]{section.5.1}{section}{chapter.5}% 18
\BOOKMARK [0][-]{chapter.6}{Test des Sequencer}{}% 19
\BOOKMARK [1][-]{section.6.1}{section}{chapter.6}% 20
\BOOKMARK [0][-]{chapter.7}{Fazit}{}% 21
\BOOKMARK [1][-]{section.7.1}{section}{chapter.7}% 22
